0 info it worked if it ends with ok
1 verbose cli [ 'node', '/usr/local/bin/npm', 'install' ]
2 info using npm@2.1.18
3 info using node@v0.10.35
4 verbose node symlink /usr/local/bin/node
5 verbose install where, deps [ '/Users/shadygabal/Code/SoireeServer/untitled-rev-server',
5 verbose install   [ 'body-parser',
5 verbose install     'cookie-parser',
5 verbose install     'debug',
5 verbose install     'dotenv',
5 verbose install     'express',
5 verbose install     'express-session',
5 verbose install     'hbs',
5 verbose install     'mongodb-uri',
5 verbose install     'mongoose',
5 verbose install     'mongoose-deep-populate',
5 verbose install     'mongoose-shortid-nodeps',
5 verbose install     'morgan',
5 verbose install     'multer',
5 verbose install     'multiparty',
5 verbose install     'serve-favicon',
5 verbose install     'shortid',
5 verbose install     'crypto-js',
5 verbose install     'stripe',
5 verbose install     'nodemailer',
5 verbose install     'validator',
5 verbose install     'passport',
5 verbose install     'passport-facebook-token',
5 verbose install     'passport-local',
5 verbose install     'enum',
5 verbose install     'apn',
5 verbose install     'bcrypt',
5 verbose install     'connect-flash' ] ]
6 verbose install where, peers [ '/Users/shadygabal/Code/SoireeServer/untitled-rev-server',
6 verbose install   [] ]
7 info preinstall untitled-rev-server@0.0.0
8 warn package.json passport@0.3.2 No README data
9 verbose already installed skipping cookie-parser@~1.3.3 /Users/shadygabal/Code/SoireeServer/untitled-rev-server
10 verbose already installed skipping debug@~2.0.0 /Users/shadygabal/Code/SoireeServer/untitled-rev-server
11 verbose already installed skipping dotenv@^1.2.0 /Users/shadygabal/Code/SoireeServer/untitled-rev-server
12 verbose already installed skipping express@~4.9.0 /Users/shadygabal/Code/SoireeServer/untitled-rev-server
13 verbose already installed skipping express-session@ /Users/shadygabal/Code/SoireeServer/untitled-rev-server
14 verbose already installed skipping hbs@~2.7.0 /Users/shadygabal/Code/SoireeServer/untitled-rev-server
15 verbose already installed skipping mongodb-uri@~0.9.7 /Users/shadygabal/Code/SoireeServer/untitled-rev-server
16 verbose already installed skipping mongoose@~4.2.8 /Users/shadygabal/Code/SoireeServer/untitled-rev-server
17 verbose already installed skipping mongoose-deep-populate@ /Users/shadygabal/Code/SoireeServer/untitled-rev-server
18 silly cache add args [ 'mongoose-shortid-nodeps@', null ]
19 verbose cache add spec mongoose-shortid-nodeps@
20 silly cache add parsed spec { raw: 'mongoose-shortid-nodeps@',
20 silly cache add   scope: null,
20 silly cache add   name: 'mongoose-shortid-nodeps',
20 silly cache add   rawSpec: '',
20 silly cache add   spec: '*',
20 silly cache add   type: 'range' }
21 verbose addNamed mongoose-shortid-nodeps@*
22 silly addNamed semver.valid null
23 silly addNamed semver.validRange *
24 silly addNameRange { name: 'mongoose-shortid-nodeps', range: '*', hasData: false }
25 silly mapToRegistry name mongoose-shortid-nodeps
26 silly mapToRegistry using default registry
27 silly mapToRegistry registry https://registry.npmjs.org/
28 silly mapToRegistry uri https://registry.npmjs.org/mongoose-shortid-nodeps
29 verbose addNameRange registry:https://registry.npmjs.org/mongoose-shortid-nodeps not in flight; fetching
30 verbose already installed skipping morgan@~1.3.0 /Users/shadygabal/Code/SoireeServer/untitled-rev-server
31 verbose already installed skipping multer@ /Users/shadygabal/Code/SoireeServer/untitled-rev-server
32 verbose already installed skipping multiparty@ /Users/shadygabal/Code/SoireeServer/untitled-rev-server
33 verbose already installed skipping serve-favicon@~2.1.3 /Users/shadygabal/Code/SoireeServer/untitled-rev-server
34 verbose already installed skipping shortid@~2.2.4 /Users/shadygabal/Code/SoireeServer/untitled-rev-server
35 verbose request uri https://registry.npmjs.org/mongoose-shortid-nodeps
36 verbose request no auth needed
37 info attempt registry request try #1 at 12:11:26
38 verbose request id 2334275f5321492e
39 http request GET https://registry.npmjs.org/mongoose-shortid-nodeps
40 verbose already installed skipping crypto-js@ /Users/shadygabal/Code/SoireeServer/untitled-rev-server
41 verbose already installed skipping stripe@ /Users/shadygabal/Code/SoireeServer/untitled-rev-server
42 verbose already installed skipping nodemailer@ /Users/shadygabal/Code/SoireeServer/untitled-rev-server
43 verbose already installed skipping validator@ /Users/shadygabal/Code/SoireeServer/untitled-rev-server
44 verbose already installed skipping passport@ /Users/shadygabal/Code/SoireeServer/untitled-rev-server
45 verbose already installed skipping passport-facebook-token@ /Users/shadygabal/Code/SoireeServer/untitled-rev-server
46 verbose already installed skipping passport-local@ /Users/shadygabal/Code/SoireeServer/untitled-rev-server
47 verbose already installed skipping enum@ /Users/shadygabal/Code/SoireeServer/untitled-rev-server
48 verbose already installed skipping apn@ /Users/shadygabal/Code/SoireeServer/untitled-rev-server
49 verbose already installed skipping bcrypt@ /Users/shadygabal/Code/SoireeServer/untitled-rev-server
50 verbose already installed skipping connect-flash@ /Users/shadygabal/Code/SoireeServer/untitled-rev-server
51 verbose already installed skipping body-parser@~1.8.1 /Users/shadygabal/Code/SoireeServer/untitled-rev-server
52 http 200 https://registry.npmjs.org/mongoose-shortid-nodeps
53 silly get cb [ 200,
53 silly get   { server: 'CouchDB/1.5.0 (Erlang OTP/R16B03)',
53 silly get     etag: '"B3BBE0O4H985HVEHFGWYB6CP2"',
53 silly get     'content-type': 'application/json',
53 silly get     'cache-control': 'max-age=300',
53 silly get     'content-length': '12155',
53 silly get     'accept-ranges': 'bytes',
53 silly get     date: 'Fri, 15 Jan 2016 17:11:26 GMT',
53 silly get     via: '1.1 varnish',
53 silly get     age: '0',
53 silly get     connection: 'keep-alive',
53 silly get     'x-served-by': 'cache-iad2122-IAD',
53 silly get     'x-cache': 'MISS',
53 silly get     'x-cache-hits': '0',
53 silly get     'x-timer': 'S1452877886.410106,VS0,VE102',
53 silly get     vary: 'Accept' } ]
54 silly addNameRange number 2 { name: 'mongoose-shortid-nodeps', range: '*', hasData: true }
55 silly addNameRange versions [ 'mongoose-shortid-nodeps',
55 silly addNameRange   [ '0.5.2', '0.5.3', '0.6.0', '0.6.2', '0.6.3', '0.6.4' ] ]
56 verbose addNamed mongoose-shortid-nodeps@0.6.4
57 silly addNamed semver.valid 0.6.4
58 silly addNamed semver.validRange 0.6.4
59 silly mapToRegistry name mongoose-shortid-nodeps
60 silly mapToRegistry using default registry
61 silly mapToRegistry registry https://registry.npmjs.org/
62 silly mapToRegistry uri https://registry.npmjs.org/mongoose-shortid-nodeps
63 verbose addRemoteTarball https://registry.npmjs.org/mongoose-shortid-nodeps/-/mongoose-shortid-nodeps-0.6.4.tgz not in flight; adding
64 verbose addRemoteTarball [ 'https://registry.npmjs.org/mongoose-shortid-nodeps/-/mongoose-shortid-nodeps-0.6.4.tgz',
64 verbose addRemoteTarball   '59af65cb1cbed0de558b8269802fa76843c5dc4c' ]
65 info retry fetch attempt 1 at 12:11:26
66 info attempt registry request try #1 at 12:11:26
67 http fetch GET https://registry.npmjs.org/mongoose-shortid-nodeps/-/mongoose-shortid-nodeps-0.6.4.tgz
68 http fetch 200 https://registry.npmjs.org/mongoose-shortid-nodeps/-/mongoose-shortid-nodeps-0.6.4.tgz
69 silly fetchAndShaCheck shasum 59af65cb1cbed0de558b8269802fa76843c5dc4c
70 verbose addTmpTarball /var/folders/fc/sszph7gj5c7_g0jsl247cvs40000gn/T/npm-1363-e904a5d1/registry.npmjs.org/mongoose-shortid-nodeps/-/mongoose-shortid-nodeps-0.6.4.tgz not in flight; adding
71 verbose addTmpTarball already have metadata; skipping unpack for mongoose-shortid-nodeps@0.6.4
72 silly cache afterAdd mongoose-shortid-nodeps@0.6.4
73 verbose afterAdd /Users/shadygabal/.npm/mongoose-shortid-nodeps/0.6.4/package/package.json not in flight; writing
74 verbose afterAdd /Users/shadygabal/.npm/mongoose-shortid-nodeps/0.6.4/package/package.json written
75 silly install resolved [ { name: 'mongoose-shortid-nodeps',
75 silly install resolved     description: 'Short Ids for mongoose, with no dependencies',
75 silly install resolved     author: { name: 'Leeroy Brun', email: 'leeroy.brun@gmail.com' },
75 silly install resolved     version: '0.6.4',
75 silly install resolved     contributors: [ [Object], [Object], [Object], [Object] ],
75 silly install resolved     main: './index.js',
75 silly install resolved     scripts: { test: 'mocha' },
75 silly install resolved     directories: { lib: '.' },
75 silly install resolved     repository:
75 silly install resolved      { type: 'git',
75 silly install resolved        url: 'https://github.com/leeroybrun/mongoose-shortid-nodeps' },
75 silly install resolved     keywords: [ 'mongoose' ],
75 silly install resolved     peerDependencies: { mongoose: '>= 3.5.0' },
75 silly install resolved     devDependencies: { async: '^1.5.0', should: '^8.0.1', shortid: '^2.2.4' },
75 silly install resolved     license: 'MIT',
75 silly install resolved     gitHead: 'f2447fd08986c26f115d50198c0e4ed5bf622e11',
75 silly install resolved     bugs: { url: 'https://github.com/leeroybrun/mongoose-shortid-nodeps/issues' },
75 silly install resolved     homepage: 'https://github.com/leeroybrun/mongoose-shortid-nodeps',
75 silly install resolved     _id: 'mongoose-shortid-nodeps@0.6.4',
75 silly install resolved     _shasum: '59af65cb1cbed0de558b8269802fa76843c5dc4c',
75 silly install resolved     _from: 'mongoose-shortid-nodeps@*',
75 silly install resolved     _npmVersion: '1.4.28',
75 silly install resolved     _npmUser: { name: 'leeroy', email: 'leeroy.brun@gmail.com' },
75 silly install resolved     maintainers: [ [Object] ],
75 silly install resolved     dist:
75 silly install resolved      { shasum: '59af65cb1cbed0de558b8269802fa76843c5dc4c',
75 silly install resolved        tarball: 'http://registry.npmjs.org/mongoose-shortid-nodeps/-/mongoose-shortid-nodeps-0.6.4.tgz' },
75 silly install resolved     _resolved: 'https://registry.npmjs.org/mongoose-shortid-nodeps/-/mongoose-shortid-nodeps-0.6.4.tgz' } ]
76 info install mongoose-shortid-nodeps@0.6.4 into /Users/shadygabal/Code/SoireeServer/untitled-rev-server
77 info installOne mongoose-shortid-nodeps@0.6.4
78 verbose installOne of mongoose-shortid-nodeps to /Users/shadygabal/Code/SoireeServer/untitled-rev-server not in flight; installing
79 verbose lock using /Users/shadygabal/.npm/_locks/mongoose-shortid-nodeps-10dbe5f43fc9bae4.lock for /Users/shadygabal/Code/SoireeServer/untitled-rev-server/node_modules/mongoose-shortid-nodeps
80 silly install write writing mongoose-shortid-nodeps 0.6.4 to /Users/shadygabal/Code/SoireeServer/untitled-rev-server/node_modules/mongoose-shortid-nodeps
81 silly cache addNamed cb mongoose-shortid-nodeps@0.6.4
82 verbose unbuild node_modules/mongoose-shortid-nodeps
83 verbose gentlyRm vacuuming /Users/shadygabal/Code/SoireeServer/untitled-rev-server/node_modules/mongoose-shortid-nodeps
84 verbose tar unpack /Users/shadygabal/.npm/mongoose-shortid-nodeps/0.6.4/package.tgz
85 verbose tar unpacking to /Users/shadygabal/Code/SoireeServer/untitled-rev-server/node_modules/mongoose-shortid-nodeps
86 verbose gentlyRm vacuuming /Users/shadygabal/Code/SoireeServer/untitled-rev-server/node_modules/mongoose-shortid-nodeps
87 silly gunzTarPerm modes [ '755', '644' ]
88 silly gunzTarPerm extractEntry package.json
89 silly gunzTarPerm modified mode [ 'package.json', 438, 420 ]
90 silly gunzTarPerm extractEntry .npmignore
91 silly gunzTarPerm modified mode [ '.npmignore', 438, 420 ]
92 silly gunzTarPerm extractEntry README.md
93 silly gunzTarPerm modified mode [ 'README.md', 438, 420 ]
94 silly gunzTarPerm extractEntry LICENSE
95 silly gunzTarPerm modified mode [ 'LICENSE', 438, 420 ]
96 silly gunzTarPerm extractEntry index.js
97 silly gunzTarPerm modified mode [ 'index.js', 438, 420 ]
98 silly gunzTarPerm extractEntry lib/genid.js
99 silly gunzTarPerm modified mode [ 'lib/genid.js', 438, 420 ]
100 silly gunzTarPerm extractEntry lib/index.js
101 silly gunzTarPerm modified mode [ 'lib/index.js', 438, 420 ]
102 silly gunzTarPerm extractEntry lib/shortid.js
103 silly gunzTarPerm modified mode [ 'lib/shortid.js', 438, 420 ]
104 silly gunzTarPerm extractEntry test/test.js
105 silly gunzTarPerm modified mode [ 'test/test.js', 438, 420 ]
106 info preinstall mongoose-shortid-nodeps@0.6.4
107 silly install resolved []
108 verbose about to build /Users/shadygabal/Code/SoireeServer/untitled-rev-server/node_modules/mongoose-shortid-nodeps
109 info build /Users/shadygabal/Code/SoireeServer/untitled-rev-server/node_modules/mongoose-shortid-nodeps
110 verbose linkStuff [ false,
110 verbose linkStuff   false,
110 verbose linkStuff   false,
110 verbose linkStuff   '/Users/shadygabal/Code/SoireeServer/untitled-rev-server/node_modules' ]
111 info linkStuff mongoose-shortid-nodeps@0.6.4
112 verbose linkBins mongoose-shortid-nodeps@0.6.4
113 verbose linkMans mongoose-shortid-nodeps@0.6.4
114 verbose rebuildBundles mongoose-shortid-nodeps@0.6.4
115 info install mongoose-shortid-nodeps@0.6.4
116 info postinstall mongoose-shortid-nodeps@0.6.4
117 verbose unlock done using /Users/shadygabal/.npm/_locks/mongoose-shortid-nodeps-10dbe5f43fc9bae4.lock for /Users/shadygabal/Code/SoireeServer/untitled-rev-server/node_modules/mongoose-shortid-nodeps
118 info build /Users/shadygabal/Code/SoireeServer/untitled-rev-server
119 verbose linkStuff [ false, false, false, '/Users/shadygabal/Code/SoireeServer' ]
120 info linkStuff untitled-rev-server@0.0.0
121 verbose linkBins untitled-rev-server@0.0.0
122 verbose linkMans untitled-rev-server@0.0.0
123 verbose rebuildBundles untitled-rev-server@0.0.0
124 verbose rebuildBundles [ 'apn',
124 verbose rebuildBundles   'bcrypt',
124 verbose rebuildBundles   'body-parser',
124 verbose rebuildBundles   'connect-flash',
124 verbose rebuildBundles   'cookie-parser',
124 verbose rebuildBundles   'crypto-js',
124 verbose rebuildBundles   'debug',
124 verbose rebuildBundles   'dotenv',
124 verbose rebuildBundles   'enum',
124 verbose rebuildBundles   'express',
124 verbose rebuildBundles   'express-session',
124 verbose rebuildBundles   'hbs',
124 verbose rebuildBundles   'mongodb-uri',
124 verbose rebuildBundles   'mongoose',
124 verbose rebuildBundles   'mongoose-deep-populate',
124 verbose rebuildBundles   'mongoose-shortid',
124 verbose rebuildBundles   'mongoose-shortid-nodeps',
124 verbose rebuildBundles   'morgan',
124 verbose rebuildBundles   'multer',
124 verbose rebuildBundles   'multiparty',
124 verbose rebuildBundles   'nodemailer',
124 verbose rebuildBundles   'passport',
124 verbose rebuildBundles   'passport-facebook-token',
124 verbose rebuildBundles   'passport-local',
124 verbose rebuildBundles   'passport-local-mongoose',
124 verbose rebuildBundles   'serve-favicon',
124 verbose rebuildBundles   'shortid',
124 verbose rebuildBundles   'stripe',
124 verbose rebuildBundles   'validator' ]
125 verbose rebuild bundle /Users/shadygabal/Code/SoireeServer/untitled-rev-server/node_modules/mongoose-shortid
126 info build /Users/shadygabal/Code/SoireeServer/untitled-rev-server/node_modules/mongoose-shortid
127 info preinstall mongoose-shortid@0.4.2
128 verbose linkStuff [ false,
128 verbose linkStuff   false,
128 verbose linkStuff   false,
128 verbose linkStuff   '/Users/shadygabal/Code/SoireeServer/untitled-rev-server/node_modules' ]
129 info linkStuff mongoose-shortid@0.4.2
130 verbose linkBins mongoose-shortid@0.4.2
131 verbose linkMans mongoose-shortid@0.4.2
132 verbose rebuildBundles mongoose-shortid@0.4.2
133 verbose rebuildBundles [ 'bignum' ]
134 info install mongoose-shortid@0.4.2
135 info postinstall mongoose-shortid@0.4.2
136 verbose rebuild bundle /Users/shadygabal/Code/SoireeServer/untitled-rev-server/node_modules/passport-local-mongoose
137 info build /Users/shadygabal/Code/SoireeServer/untitled-rev-server/node_modules/passport-local-mongoose
138 info preinstall passport-local-mongoose@3.1.0
139 verbose linkStuff [ false,
139 verbose linkStuff   false,
139 verbose linkStuff   false,
139 verbose linkStuff   '/Users/shadygabal/Code/SoireeServer/untitled-rev-server/node_modules' ]
140 info linkStuff passport-local-mongoose@3.1.0
141 verbose linkBins passport-local-mongoose@3.1.0
142 verbose linkMans passport-local-mongoose@3.1.0
143 verbose rebuildBundles passport-local-mongoose@3.1.0
144 verbose rebuildBundles [ 'generaterr', 'scmp' ]
145 info install passport-local-mongoose@3.1.0
146 info postinstall passport-local-mongoose@3.1.0
147 info install untitled-rev-server@0.0.0
148 info postinstall untitled-rev-server@0.0.0
149 info prepublish untitled-rev-server@0.0.0
150 verbose stack Error: The package mongoose does not satisfy its siblings' peerDependencies requirements!
150 verbose stack     at /usr/local/lib/node_modules/npm/lib/install.js:103:32
150 verbose stack     at /usr/local/lib/node_modules/npm/lib/install.js:225:5
150 verbose stack     at /usr/local/lib/node_modules/npm/node_modules/read-installed/read-installed.js:138:5
150 verbose stack     at /usr/local/lib/node_modules/npm/node_modules/read-installed/read-installed.js:251:14
150 verbose stack     at cb (/usr/local/lib/node_modules/npm/node_modules/slide/lib/async-map.js:47:24)
150 verbose stack     at /usr/local/lib/node_modules/npm/node_modules/read-installed/read-installed.js:251:14
150 verbose stack     at cb (/usr/local/lib/node_modules/npm/node_modules/slide/lib/async-map.js:47:24)
150 verbose stack     at /usr/local/lib/node_modules/npm/node_modules/read-installed/read-installed.js:251:14
150 verbose stack     at cb (/usr/local/lib/node_modules/npm/node_modules/slide/lib/async-map.js:47:24)
150 verbose stack     at /usr/local/lib/node_modules/npm/node_modules/read-installed/read-installed.js:251:14
151 verbose cwd /Users/shadygabal/Code/SoireeServer/untitled-rev-server
152 error Darwin 15.2.0
153 error argv "node" "/usr/local/bin/npm" "install"
154 error node v0.10.35
155 error npm  v2.1.18
156 error code EPEERINVALID
157 error peerinvalid The package mongoose does not satisfy its siblings' peerDependencies requirements!
157 error peerinvalid Peer mongoose-shortid-nodeps@0.6.4 wants mongoose@>= 3.5.0
157 error peerinvalid Peer mongoose-shortid@0.4.2 wants mongoose@>= 3.5.0 < 4
158 verbose exit [ 1, true ]
